<?xml version="1.0" encoding="UTF-8"?>
<!-- Generated by org.testng.reporters.JUnitXMLReporter -->
<testsuite hostname="rajesh-ThinkPad-L480" ignored="0" name="Default test" tests="3" failures="0" timestamp="05 May 2020 14:38:25 GMT" time="3.693" errors="0">
  <testcase name="verifyStatusCode" time="0.013" classname="testng.SampleGet"/>
  <testcase name="checkBody" time="0.394" classname="testng.SampleGet"/>
  <testcase name="check_responseTime" time="0.003" classname="testng.SampleGet"/>
</testsuite> <!-- Default test -->
