<?xml version="1.0" encoding="UTF-8"?>
<!-- Generated by org.testng.reporters.JUnitXMLReporter -->
<testsuite hostname="rajesh-ThinkPad-L480" ignored="0" name="Default test" tests="3" failures="0" timestamp="07 May 2020 19:09:51 GMT" time="4.455" errors="0">
  <testcase name="verifyStatusCode" time="0.007" classname="com.companyName.TestCases.SampleGet"/>
  <testcase name="checkBody" time="0.446" classname="com.companyName.TestCases.SampleGet"/>
  <testcase name="check_responseTime" time="0.002" classname="com.companyName.TestCases.SampleGet"/>
</testsuite> <!-- Default test -->
