<?xml version="1.0" encoding="UTF-8"?>
<!-- Generated by org.testng.reporters.JUnitXMLReporter -->
<testsuite hostname="rajesh-ThinkPad-L480" ignored="0" name="Niki Beckend Services" tests="6" failures="0" timestamp="11 May 2020 15:19:34 GMT" time="3.048" errors="0">
  <testcase name="verifyStatusCode" time="0.01" classname="com.companyName.TestCases.SampleGet"/>
  <testcase name="checkBody" time="0.389" classname="com.companyName.TestCases.SampleGet"/>
  <testcase name="check_responseTime" time="0.003" classname="com.companyName.TestCases.SampleGet"/>
  <testcase name="verifyStatusCode" time="0.002" classname="com.companyName.TestCases.SamplePostRequest"/>
  <testcase name="checkBody" time="0.022" classname="com.companyName.TestCases.SamplePostRequest"/>
  <testcase name="check_responseTime" time="0.002" classname="com.companyName.TestCases.SamplePostRequest"/>
</testsuite> <!-- Niki Beckend Services -->
