<?xml version="1.0" encoding="UTF-8"?>
<testng-results skipped="0" failed="0" ignored="0" total="3" passed="3">
  <reporter-output>
  </reporter-output>
  <suite name="Default suite" duration-ms="2745" started-at="2020-05-07T14:41:24Z" finished-at="2020-05-07T14:41:27Z">
    <groups>
    </groups>
    <test name="Default test" duration-ms="2745" started-at="2020-05-07T14:41:24Z" finished-at="2020-05-07T14:41:27Z">
      <class name="com.companyName.TestCases.SamplePostRequest">
        <test-method status="PASS" signature="samplePostCall()[pri:0, instance:com.companyName.TestCases.SamplePostRequest@3444d69d]" name="samplePostCall" is-config="true" duration-ms="2287" started-at="2020-05-07T14:41:24Z" finished-at="2020-05-07T14:41:27Z">
          <reporter-output>
          </reporter-output>
        </test-method> <!-- samplePostCall -->
        <test-method status="PASS" signature="verifyStatusCode()[pri:1, instance:com.companyName.TestCases.SamplePostRequest@3444d69d]" name="verifyStatusCode" duration-ms="12" started-at="2020-05-07T14:41:27Z" finished-at="2020-05-07T14:41:27Z">
          <reporter-output>
          </reporter-output>
        </test-method> <!-- verifyStatusCode -->
        <test-method status="PASS" signature="checkBody()[pri:2, instance:com.companyName.TestCases.SamplePostRequest@3444d69d]" name="checkBody" duration-ms="414" started-at="2020-05-07T14:41:27Z" finished-at="2020-05-07T14:41:27Z">
          <reporter-output>
          </reporter-output>
        </test-method> <!-- checkBody -->
        <test-method status="PASS" signature="check_responseTime()[pri:3, instance:com.companyName.TestCases.SamplePostRequest@3444d69d]" name="check_responseTime" duration-ms="2" started-at="2020-05-07T14:41:27Z" finished-at="2020-05-07T14:41:27Z">
          <reporter-output>
          </reporter-output>
        </test-method> <!-- check_responseTime -->
      </class> <!-- com.companyName.TestCases.SamplePostRequest -->
    </test> <!-- Default test -->
  </suite> <!-- Default suite -->
</testng-results>
