<?xml version="1.0" encoding="UTF-8"?>
<testng-results skipped="0" failed="0" ignored="0" total="3" passed="3">
  <reporter-output>
  </reporter-output>
  <suite name="Default suite" duration-ms="3693" started-at="2020-05-05T14:38:21Z" finished-at="2020-05-05T14:38:25Z">
    <groups>
    </groups>
    <test name="Default test" duration-ms="3693" started-at="2020-05-05T14:38:21Z" finished-at="2020-05-05T14:38:25Z">
      <class name="testng.SampleGet">
        <test-method status="PASS" signature="sampleGetCall()[pri:0, instance:testng.SampleGet@382db087]" name="sampleGetCall" is-config="true" duration-ms="3257" started-at="2020-05-05T14:38:21Z" finished-at="2020-05-05T14:38:24Z">
          <reporter-output>
          </reporter-output>
        </test-method> <!-- sampleGetCall -->
        <test-method status="PASS" signature="verifyStatusCode()[pri:1, instance:testng.SampleGet@382db087]" name="verifyStatusCode" duration-ms="13" started-at="2020-05-05T14:38:24Z" finished-at="2020-05-05T14:38:24Z">
          <reporter-output>
          </reporter-output>
        </test-method> <!-- verifyStatusCode -->
        <test-method status="PASS" signature="checkBody()[pri:2, instance:testng.SampleGet@382db087]" name="checkBody" duration-ms="394" started-at="2020-05-05T14:38:24Z" finished-at="2020-05-05T14:38:25Z">
          <reporter-output>
          </reporter-output>
        </test-method> <!-- checkBody -->
        <test-method status="PASS" signature="check_responseTime()[pri:3, instance:testng.SampleGet@382db087]" name="check_responseTime" duration-ms="3" started-at="2020-05-05T14:38:25Z" finished-at="2020-05-05T14:38:25Z">
          <reporter-output>
          </reporter-output>
        </test-method> <!-- check_responseTime -->
      </class> <!-- testng.SampleGet -->
    </test> <!-- Default test -->
  </suite> <!-- Default suite -->
</testng-results>
